<?xml version="1.0" encoding="UTF-8"?>
<!-- Generated by org.testng.reporters.JUnitReportReporter -->
<testsuite hostname="Bharat" name="com.qa.tests.Log4jDemo" tests="2" failures="0" timestamp="17 Mar 2019 05:01:03 GMT" time="26.840" errors="0">
  <testcase name="LoginClick" time="17.763" classname="com.qa.tests.Log4jDemo"/>
  <testcase name="validateTitle" time="9.077" classname="com.qa.tests.Log4jDemo"/>
</testsuite> <!-- com.qa.tests.Log4jDemo -->
