<?xml version="1.0" encoding="UTF-8"?>
<!-- Generated by org.testng.reporters.JUnitReportReporter -->
<testsuite hostname="Bharat" name="com.qa.tests.DemoTest1" tests="4" failures="0" timestamp="17 Mar 2019 03:03:17 GMT" time="0.000" errors="0">
  <testcase name="diff" time="0.000" classname="com.qa.tests.DemoTest1"/>
  <testcase name="mult" time="0.000" classname="com.qa.tests.DemoTest1"/>
  <testcase name="div" time="0.000" classname="com.qa.tests.DemoTest1"/>
  <testcase name="sum" time="0.000" classname="com.qa.tests.DemoTest1"/>
</testsuite> <!-- com.qa.tests.DemoTest1 -->
