<?xml version="1.0" encoding="UTF-8"?>
<!-- Generated by org.testng.reporters.JUnitReportReporter -->
<testsuite hostname="Bharat" name="com.qa.tests.DemoTestTestNGclass" tests="4" failures="0" timestamp="23 Mar 2019 21:55:20 GMT" time="0.002" errors="0">
  <testcase name="mult" time="0.001" classname="com.qa.tests.DemoTestTestNGclass"/>
  <testcase name="diff" time="0.001" classname="com.qa.tests.DemoTestTestNGclass"/>
  <testcase name="div" time="0.000" classname="com.qa.tests.DemoTestTestNGclass"/>
  <testcase name="sum" time="0.000" classname="com.qa.tests.DemoTestTestNGclass"/>
</testsuite> <!-- com.qa.tests.DemoTestTestNGclass -->
